:: loading settings :: url = jar:file:/opt/spark/jars/ivy-2.5.1.jar!/org/apache/ivy/core/settings/ivysettings.xml
Ivy Default Cache set to: /root/.ivy2/cache
The jars for the packages stored in: /root/.ivy2/jars
org.apache.spark#spark-sql-kafka-0-10_2.12 added as a dependency
:: resolving dependencies :: org.apache.spark#spark-submit-parent-6bf6abb0-1dbc-4370-85b0-7cbc11c6c93c;1.0
	confs: [default]
	found org.apache.spark#spark-sql-kafka-0-10_2.12;3.5.0 in central
	found org.apache.spark#spark-token-provider-kafka-0-10_2.12;3.5.0 in central
	found org.apache.kafka#kafka-clients;3.4.1 in central
	found org.lz4#lz4-java;1.8.0 in central
	found org.xerial.snappy#snappy-java;1.1.10.3 in central
	found org.slf4j#slf4j-api;2.0.7 in central
	found org.apache.hadoop#hadoop-client-runtime;3.3.4 in central
	found org.apache.hadoop#hadoop-client-api;3.3.4 in central
	found commons-logging#commons-logging;1.1.3 in central
	found com.google.code.findbugs#jsr305;3.0.0 in central
	found org.apache.commons#commons-pool2;2.11.1 in central
downloading https://repo1.maven.org/maven2/org/apache/spark/spark-sql-kafka-0-10_2.12/3.5.0/spark-sql-kafka-0-10_2.12-3.5.0.jar ...
	[SUCCESSFUL ] org.apache.spark#spark-sql-kafka-0-10_2.12;3.5.0!spark-sql-kafka-0-10_2.12.jar (53ms)
downloading https://repo1.maven.org/maven2/org/apache/spark/spark-token-provider-kafka-0-10_2.12/3.5.0/spark-token-provider-kafka-0-10_2.12-3.5.0.jar ...
	[SUCCESSFUL ] org.apache.spark#spark-token-provider-kafka-0-10_2.12;3.5.0!spark-token-provider-kafka-0-10_2.12.jar (33ms)
downloading https://repo1.maven.org/maven2/org/apache/kafka/kafka-clients/3.4.1/kafka-clients-3.4.1.jar ...
	[SUCCESSFUL ] org.apache.kafka#kafka-clients;3.4.1!kafka-clients.jar (149ms)
downloading https://repo1.maven.org/maven2/com/google/code/findbugs/jsr305/3.0.0/jsr305-3.0.0.jar ...
	[SUCCESSFUL ] com.google.code.findbugs#jsr305;3.0.0!jsr305.jar (34ms)
downloading https://repo1.maven.org/maven2/org/apache/commons/commons-pool2/2.11.1/commons-pool2-2.11.1.jar ...
	[SUCCESSFUL ] org.apache.commons#commons-pool2;2.11.1!commons-pool2.jar (34ms)
downloading https://repo1.maven.org/maven2/org/apache/hadoop/hadoop-client-runtime/3.3.4/hadoop-client-runtime-3.3.4.jar ...
	[SUCCESSFUL ] org.apache.hadoop#hadoop-client-runtime;3.3.4!hadoop-client-runtime.jar (324ms)
downloading https://repo1.maven.org/maven2/org/lz4/lz4-java/1.8.0/lz4-java-1.8.0.jar ...
	[SUCCESSFUL ] org.lz4#lz4-java;1.8.0!lz4-java.jar (49ms)
downloading https://repo1.maven.org/maven2/org/xerial/snappy/snappy-java/1.1.10.3/snappy-java-1.1.10.3.jar ...
	[SUCCESSFUL ] org.xerial.snappy#snappy-java;1.1.10.3!snappy-java.jar(bundle) (47ms)
downloading https://repo1.maven.org/maven2/org/slf4j/slf4j-api/2.0.7/slf4j-api-2.0.7.jar ...
	[SUCCESSFUL ] org.slf4j#slf4j-api;2.0.7!slf4j-api.jar (33ms)
downloading https://repo1.maven.org/maven2/org/apache/hadoop/hadoop-client-api/3.3.4/hadoop-client-api-3.3.4.jar ...
	[SUCCESSFUL ] org.apache.hadoop#hadoop-client-api;3.3.4!hadoop-client-api.jar (111ms)
downloading https://repo1.maven.org/maven2/commons-logging/commons-logging/1.1.3/commons-logging-1.1.3.jar ...
	[SUCCESSFUL ] commons-logging#commons-logging;1.1.3!commons-logging.jar (29ms)
:: resolution report :: resolve 5453ms :: artifacts dl 906ms
	:: modules in use:
	com.google.code.findbugs#jsr305;3.0.0 from central in [default]
	commons-logging#commons-logging;1.1.3 from central in [default]
	org.apache.commons#commons-pool2;2.11.1 from central in [default]
	org.apache.hadoop#hadoop-client-api;3.3.4 from central in [default]
	org.apache.hadoop#hadoop-client-runtime;3.3.4 from central in [default]
	org.apache.kafka#kafka-clients;3.4.1 from central in [default]
	org.apache.spark#spark-sql-kafka-0-10_2.12;3.5.0 from central in [default]
	org.apache.spark#spark-token-provider-kafka-0-10_2.12;3.5.0 from central in [default]
	org.lz4#lz4-java;1.8.0 from central in [default]
	org.slf4j#slf4j-api;2.0.7 from central in [default]
	org.xerial.snappy#snappy-java;1.1.10.3 from central in [default]
	---------------------------------------------------------------------
	|                  |            modules            ||   artifacts   |
	|       conf       | number| search|dwnlded|evicted|| number|dwnlded|
	---------------------------------------------------------------------
	|      default     |   11  |   11  |   11  |   0   ||   11  |   11  |
	---------------------------------------------------------------------
:: retrieving :: org.apache.spark#spark-submit-parent-6bf6abb0-1dbc-4370-85b0-7cbc11c6c93c
	confs: [default]
	11 artifacts copied, 0 already retrieved (56767kB/70ms)
26/05/22 18:36:36 WARN NativeCodeLoader: Unable to load native-hadoop library for your platform... using builtin-java classes where applicable
26/05/22 18:36:38 INFO SparkContext: Running Spark version 3.5.0
26/05/22 18:36:38 INFO SparkContext: OS info Linux, 6.8.0-1044-azure, amd64
26/05/22 18:36:38 INFO SparkContext: Java version 11.0.20.1
26/05/22 18:36:38 INFO ResourceUtils: ==============================================================
26/05/22 18:36:38 INFO ResourceUtils: No custom resources configured for spark.driver.
26/05/22 18:36:38 INFO ResourceUtils: ==============================================================
26/05/22 18:36:38 INFO SparkContext: Submitted application: STEDI-events-stream
26/05/22 18:36:39 INFO ResourceProfile: Default ResourceProfile created, executor resources: Map(cores -> name: cores, amount: 1, script: , vendor: , memory -> name: memory, amount: 1024, script: , vendor: , offHeap -> name: offHeap, amount: 0, script: , vendor: ), task resources: Map(cpus -> name: cpus, amount: 1.0)
26/05/22 18:36:39 INFO ResourceProfile: Limiting resource is cpu
26/05/22 18:36:39 INFO ResourceProfileManager: Added ResourceProfile id: 0
26/05/22 18:36:39 INFO SecurityManager: Changing view acls to: root
26/05/22 18:36:39 INFO SecurityManager: Changing modify acls to: root
26/05/22 18:36:39 INFO SecurityManager: Changing view acls groups to: 
26/05/22 18:36:39 INFO SecurityManager: Changing modify acls groups to: 
26/05/22 18:36:39 INFO SecurityManager: SecurityManager: authentication disabled; ui acls disabled; users with view permissions: root; groups with view permissions: EMPTY; users with modify permissions: root; groups with modify permissions: EMPTY
26/05/22 18:36:39 INFO Utils: Successfully started service 'sparkDriver' on port 44125.
26/05/22 18:36:39 INFO SparkEnv: Registering MapOutputTracker
26/05/22 18:36:39 INFO SparkEnv: Registering BlockManagerMaster
26/05/22 18:36:39 INFO BlockManagerMasterEndpoint: Using org.apache.spark.storage.DefaultTopologyMapper for getting topology information
26/05/22 18:36:39 INFO BlockManagerMasterEndpoint: BlockManagerMasterEndpoint up
26/05/22 18:36:39 INFO SparkEnv: Registering BlockManagerMasterHeartbeat
26/05/22 18:36:39 INFO DiskBlockManager: Created local directory at /tmp/blockmgr-595d00dd-7202-4318-be4c-8ab2013d03a1
26/05/22 18:36:39 INFO MemoryStore: MemoryStore started with capacity 434.4 MiB
26/05/22 18:36:40 INFO SparkEnv: Registering OutputCommitCoordinator
26/05/22 18:36:40 INFO JettyUtils: Start Jetty 0.0.0.0:4040 for SparkUI
26/05/22 18:36:40 INFO Utils: Successfully started service 'SparkUI' on port 4040.
26/05/22 18:36:41 INFO SparkContext: Added JAR file:///root/.ivy2/jars/org.apache.spark_spark-sql-kafka-0-10_2.12-3.5.0.jar at spark://53f73c7f90d8:44125/jars/org.apache.spark_spark-sql-kafka-0-10_2.12-3.5.0.jar with timestamp 1779474998932
26/05/22 18:36:41 INFO SparkContext: Added JAR file:///root/.ivy2/jars/org.apache.spark_spark-token-provider-kafka-0-10_2.12-3.5.0.jar at spark://53f73c7f90d8:44125/jars/org.apache.spark_spark-token-provider-kafka-0-10_2.12-3.5.0.jar with timestamp 1779474998932
26/05/22 18:36:41 INFO SparkContext: Added JAR file:///root/.ivy2/jars/org.apache.kafka_kafka-clients-3.4.1.jar at spark://53f73c7f90d8:44125/jars/org.apache.kafka_kafka-clients-3.4.1.jar with timestamp 1779474998932
26/05/22 18:36:41 INFO SparkContext: Added JAR file:///root/.ivy2/jars/com.google.code.findbugs_jsr305-3.0.0.jar at spark://53f73c7f90d8:44125/jars/com.google.code.findbugs_jsr305-3.0.0.jar with timestamp 1779474998932
26/05/22 18:36:41 INFO SparkContext: Added JAR file:///root/.ivy2/jars/org.apache.commons_commons-pool2-2.11.1.jar at spark://53f73c7f90d8:44125/jars/org.apache.commons_commons-pool2-2.11.1.jar with timestamp 1779474998932
26/05/22 18:36:41 INFO SparkContext: Added JAR file:///root/.ivy2/jars/org.apache.hadoop_hadoop-client-runtime-3.3.4.jar at spark://53f73c7f90d8:44125/jars/org.apache.hadoop_hadoop-client-runtime-3.3.4.jar with timestamp 1779474998932
26/05/22 18:36:41 INFO SparkContext: Added JAR file:///root/.ivy2/jars/org.lz4_lz4-java-1.8.0.jar at spark://53f73c7f90d8:44125/jars/org.lz4_lz4-java-1.8.0.jar with timestamp 1779474998932
26/05/22 18:36:41 INFO SparkContext: Added JAR file:///root/.ivy2/jars/org.xerial.snappy_snappy-java-1.1.10.3.jar at spark://53f73c7f90d8:44125/jars/org.xerial.snappy_snappy-java-1.1.10.3.jar with timestamp 1779474998932
26/05/22 18:36:41 INFO SparkContext: Added JAR file:///root/.ivy2/jars/org.slf4j_slf4j-api-2.0.7.jar at spark://53f73c7f90d8:44125/jars/org.slf4j_slf4j-api-2.0.7.jar with timestamp 1779474998932
26/05/22 18:36:41 INFO SparkContext: Added JAR file:///root/.ivy2/jars/org.apache.hadoop_hadoop-client-api-3.3.4.jar at spark://53f73c7f90d8:44125/jars/org.apache.hadoop_hadoop-client-api-3.3.4.jar with timestamp 1779474998932
26/05/22 18:36:41 INFO SparkContext: Added JAR file:///root/.ivy2/jars/commons-logging_commons-logging-1.1.3.jar at spark://53f73c7f90d8:44125/jars/commons-logging_commons-logging-1.1.3.jar with timestamp 1779474998932
26/05/22 18:36:41 INFO SparkContext: Added file file:///root/.ivy2/jars/org.apache.spark_spark-sql-kafka-0-10_2.12-3.5.0.jar at file:///root/.ivy2/jars/org.apache.spark_spark-sql-kafka-0-10_2.12-3.5.0.jar with timestamp 1779474998932
26/05/22 18:36:41 INFO Utils: Copying /root/.ivy2/jars/org.apache.spark_spark-sql-kafka-0-10_2.12-3.5.0.jar to /tmp/spark-bb6d281d-53de-4274-9038-3d13dc3c3f90/userFiles-2fdcc01b-84ec-48da-ae58-6b5d0f68b53f/org.apache.spark_spark-sql-kafka-0-10_2.12-3.5.0.jar
26/05/22 18:36:41 INFO SparkContext: Added file file:///root/.ivy2/jars/org.apache.spark_spark-token-provider-kafka-0-10_2.12-3.5.0.jar at file:///root/.ivy2/jars/org.apache.spark_spark-token-provider-kafka-0-10_2.12-3.5.0.jar with timestamp 1779474998932
26/05/22 18:36:41 INFO Utils: Copying /root/.ivy2/jars/org.apache.spark_spark-token-provider-kafka-0-10_2.12-3.5.0.jar to /tmp/spark-bb6d281d-53de-4274-9038-3d13dc3c3f90/userFiles-2fdcc01b-84ec-48da-ae58-6b5d0f68b53f/org.apache.spark_spark-token-provider-kafka-0-10_2.12-3.5.0.jar
26/05/22 18:36:41 INFO SparkContext: Added file file:///root/.ivy2/jars/org.apache.kafka_kafka-clients-3.4.1.jar at file:///root/.ivy2/jars/org.apache.kafka_kafka-clients-3.4.1.jar with timestamp 1779474998932
26/05/22 18:36:41 INFO Utils: Copying /root/.ivy2/jars/org.apache.kafka_kafka-clients-3.4.1.jar to /tmp/spark-bb6d281d-53de-4274-9038-3d13dc3c3f90/userFiles-2fdcc01b-84ec-48da-ae58-6b5d0f68b53f/org.apache.kafka_kafka-clients-3.4.1.jar
26/05/22 18:36:41 INFO SparkContext: Added file file:///root/.ivy2/jars/com.google.code.findbugs_jsr305-3.0.0.jar at file:///root/.ivy2/jars/com.google.code.findbugs_jsr305-3.0.0.jar with timestamp 1779474998932
26/05/22 18:36:41 INFO Utils: Copying /root/.ivy2/jars/com.google.code.findbugs_jsr305-3.0.0.jar to /tmp/spark-bb6d281d-53de-4274-9038-3d13dc3c3f90/userFiles-2fdcc01b-84ec-48da-ae58-6b5d0f68b53f/com.google.code.findbugs_jsr305-3.0.0.jar
26/05/22 18:36:41 INFO SparkContext: Added file file:///root/.ivy2/jars/org.apache.commons_commons-pool2-2.11.1.jar at file:///root/.ivy2/jars/org.apache.commons_commons-pool2-2.11.1.jar with timestamp 1779474998932
26/05/22 18:36:41 INFO Utils: Copying /root/.ivy2/jars/org.apache.commons_commons-pool2-2.11.1.jar to /tmp/spark-bb6d281d-53de-4274-9038-3d13dc3c3f90/userFiles-2fdcc01b-84ec-48da-ae58-6b5d0f68b53f/org.apache.commons_commons-pool2-2.11.1.jar
26/05/22 18:36:41 INFO SparkContext: Added file file:///root/.ivy2/jars/org.apache.hadoop_hadoop-client-runtime-3.3.4.jar at file:///root/.ivy2/jars/org.apache.hadoop_hadoop-client-runtime-3.3.4.jar with timestamp 1779474998932
26/05/22 18:36:41 INFO Utils: Copying /root/.ivy2/jars/org.apache.hadoop_hadoop-client-runtime-3.3.4.jar to /tmp/spark-bb6d281d-53de-4274-9038-3d13dc3c3f90/userFiles-2fdcc01b-84ec-48da-ae58-6b5d0f68b53f/org.apache.hadoop_hadoop-client-runtime-3.3.4.jar
26/05/22 18:36:41 INFO SparkContext: Added file file:///root/.ivy2/jars/org.lz4_lz4-java-1.8.0.jar at file:///root/.ivy2/jars/org.lz4_lz4-java-1.8.0.jar with timestamp 1779474998932
26/05/22 18:36:41 INFO Utils: Copying /root/.ivy2/jars/org.lz4_lz4-java-1.8.0.jar to /tmp/spark-bb6d281d-53de-4274-9038-3d13dc3c3f90/userFiles-2fdcc01b-84ec-48da-ae58-6b5d0f68b53f/org.lz4_lz4-java-1.8.0.jar
26/05/22 18:36:41 INFO SparkContext: Added file file:///root/.ivy2/jars/org.xerial.snappy_snappy-java-1.1.10.3.jar at file:///root/.ivy2/jars/org.xerial.snappy_snappy-java-1.1.10.3.jar with timestamp 1779474998932
26/05/22 18:36:41 INFO Utils: Copying /root/.ivy2/jars/org.xerial.snappy_snappy-java-1.1.10.3.jar to /tmp/spark-bb6d281d-53de-4274-9038-3d13dc3c3f90/userFiles-2fdcc01b-84ec-48da-ae58-6b5d0f68b53f/org.xerial.snappy_snappy-java-1.1.10.3.jar
26/05/22 18:36:41 INFO SparkContext: Added file file:///root/.ivy2/jars/org.slf4j_slf4j-api-2.0.7.jar at file:///root/.ivy2/jars/org.slf4j_slf4j-api-2.0.7.jar with timestamp 1779474998932
26/05/22 18:36:41 INFO Utils: Copying /root/.ivy2/jars/org.slf4j_slf4j-api-2.0.7.jar to /tmp/spark-bb6d281d-53de-4274-9038-3d13dc3c3f90/userFiles-2fdcc01b-84ec-48da-ae58-6b5d0f68b53f/org.slf4j_slf4j-api-2.0.7.jar
26/05/22 18:36:41 INFO SparkContext: Added file file:///root/.ivy2/jars/org.apache.hadoop_hadoop-client-api-3.3.4.jar at file:///root/.ivy2/jars/org.apache.hadoop_hadoop-client-api-3.3.4.jar with timestamp 1779474998932
26/05/22 18:36:41 INFO Utils: Copying /root/.ivy2/jars/org.apache.hadoop_hadoop-client-api-3.3.4.jar to /tmp/spark-bb6d281d-53de-4274-9038-3d13dc3c3f90/userFiles-2fdcc01b-84ec-48da-ae58-6b5d0f68b53f/org.apache.hadoop_hadoop-client-api-3.3.4.jar
26/05/22 18:36:41 INFO SparkContext: Added file file:///root/.ivy2/jars/commons-logging_commons-logging-1.1.3.jar at file:///root/.ivy2/jars/commons-logging_commons-logging-1.1.3.jar with timestamp 1779474998932
26/05/22 18:36:41 INFO Utils: Copying /root/.ivy2/jars/commons-logging_commons-logging-1.1.3.jar to /tmp/spark-bb6d281d-53de-4274-9038-3d13dc3c3f90/userFiles-2fdcc01b-84ec-48da-ae58-6b5d0f68b53f/commons-logging_commons-logging-1.1.3.jar
26/05/22 18:36:41 INFO Executor: Starting executor ID driver on host 53f73c7f90d8
26/05/22 18:36:41 INFO Executor: OS info Linux, 6.8.0-1044-azure, amd64
26/05/22 18:36:41 INFO Executor: Java version 11.0.20.1
26/05/22 18:36:41 INFO Executor: Starting executor with user classpath (userClassPathFirst = false): ''
26/05/22 18:36:41 INFO Executor: Created or updated repl class loader org.apache.spark.util.MutableURLClassLoader@15877e68 for default.
26/05/22 18:36:41 INFO Executor: Fetching file:///root/.ivy2/jars/org.apache.spark_spark-sql-kafka-0-10_2.12-3.5.0.jar with timestamp 1779474998932
26/05/22 18:36:41 INFO Utils: /root/.ivy2/jars/org.apache.spark_spark-sql-kafka-0-10_2.12-3.5.0.jar has been previously copied to /tmp/spark-bb6d281d-53de-4274-9038-3d13dc3c3f90/userFiles-2fdcc01b-84ec-48da-ae58-6b5d0f68b53f/org.apache.spark_spark-sql-kafka-0-10_2.12-3.5.0.jar
26/05/22 18:36:41 INFO Executor: Fetching file:///root/.ivy2/jars/org.apache.hadoop_hadoop-client-api-3.3.4.jar with timestamp 1779474998932
26/05/22 18:36:41 INFO Utils: /root/.ivy2/jars/org.apache.hadoop_hadoop-client-api-3.3.4.jar has been previously copied to /tmp/spark-bb6d281d-53de-4274-9038-3d13dc3c3f90/userFiles-2fdcc01b-84ec-48da-ae58-6b5d0f68b53f/org.apache.hadoop_hadoop-client-api-3.3.4.jar
26/05/22 18:36:41 INFO Executor: Fetching file:///root/.ivy2/jars/com.google.code.findbugs_jsr305-3.0.0.jar with timestamp 1779474998932
26/05/22 18:36:41 INFO Utils: /root/.ivy2/jars/com.google.code.findbugs_jsr305-3.0.0.jar has been previously copied to /tmp/spark-bb6d281d-53de-4274-9038-3d13dc3c3f90/userFiles-2fdcc01b-84ec-48da-ae58-6b5d0f68b53f/com.google.code.findbugs_jsr305-3.0.0.jar
26/05/22 18:36:41 INFO Executor: Fetching file:///root/.ivy2/jars/org.apache.hadoop_hadoop-client-runtime-3.3.4.jar with timestamp 1779474998932
26/05/22 18:36:41 INFO Utils: /root/.ivy2/jars/org.apache.hadoop_hadoop-client-runtime-3.3.4.jar has been previously copied to /tmp/spark-bb6d281d-53de-4274-9038-3d13dc3c3f90/userFiles-2fdcc01b-84ec-48da-ae58-6b5d0f68b53f/org.apache.hadoop_hadoop-client-runtime-3.3.4.jar
26/05/22 18:36:41 INFO Executor: Fetching file:///root/.ivy2/jars/org.xerial.snappy_snappy-java-1.1.10.3.jar with timestamp 1779474998932
26/05/22 18:36:41 INFO Utils: /root/.ivy2/jars/org.xerial.snappy_snappy-java-1.1.10.3.jar has been previously copied to /tmp/spark-bb6d281d-53de-4274-9038-3d13dc3c3f90/userFiles-2fdcc01b-84ec-48da-ae58-6b5d0f68b53f/org.xerial.snappy_snappy-java-1.1.10.3.jar
26/05/22 18:36:41 INFO Executor: Fetching file:///root/.ivy2/jars/org.apache.spark_spark-token-provider-kafka-0-10_2.12-3.5.0.jar with timestamp 1779474998932
26/05/22 18:36:41 INFO Utils: /root/.ivy2/jars/org.apache.spark_spark-token-provider-kafka-0-10_2.12-3.5.0.jar has been previously copied to /tmp/spark-bb6d281d-53de-4274-9038-3d13dc3c3f90/userFiles-2fdcc01b-84ec-48da-ae58-6b5d0f68b53f/org.apache.spark_spark-token-provider-kafka-0-10_2.12-3.5.0.jar
26/05/22 18:36:41 INFO Executor: Fetching file:///root/.ivy2/jars/org.slf4j_slf4j-api-2.0.7.jar with timestamp 1779474998932
26/05/22 18:36:41 INFO Utils: /root/.ivy2/jars/org.slf4j_slf4j-api-2.0.7.jar has been previously copied to /tmp/spark-bb6d281d-53de-4274-9038-3d13dc3c3f90/userFiles-2fdcc01b-84ec-48da-ae58-6b5d0f68b53f/org.slf4j_slf4j-api-2.0.7.jar
26/05/22 18:36:41 INFO Executor: Fetching file:///root/.ivy2/jars/org.apache.commons_commons-pool2-2.11.1.jar with timestamp 1779474998932
26/05/22 18:36:41 INFO Utils: /root/.ivy2/jars/org.apache.commons_commons-pool2-2.11.1.jar has been previously copied to /tmp/spark-bb6d281d-53de-4274-9038-3d13dc3c3f90/userFiles-2fdcc01b-84ec-48da-ae58-6b5d0f68b53f/org.apache.commons_commons-pool2-2.11.1.jar
26/05/22 18:36:41 INFO Executor: Fetching file:///root/.ivy2/jars/commons-logging_commons-logging-1.1.3.jar with timestamp 1779474998932
26/05/22 18:36:41 INFO Utils: /root/.ivy2/jars/commons-logging_commons-logging-1.1.3.jar has been previously copied to /tmp/spark-bb6d281d-53de-4274-9038-3d13dc3c3f90/userFiles-2fdcc01b-84ec-48da-ae58-6b5d0f68b53f/commons-logging_commons-logging-1.1.3.jar
26/05/22 18:36:41 INFO Executor: Fetching file:///root/.ivy2/jars/org.lz4_lz4-java-1.8.0.jar with timestamp 1779474998932
26/05/22 18:36:41 INFO Utils: /root/.ivy2/jars/org.lz4_lz4-java-1.8.0.jar has been previously copied to /tmp/spark-bb6d281d-53de-4274-9038-3d13dc3c3f90/userFiles-2fdcc01b-84ec-48da-ae58-6b5d0f68b53f/org.lz4_lz4-java-1.8.0.jar
26/05/22 18:36:41 INFO Executor: Fetching file:///root/.ivy2/jars/org.apache.kafka_kafka-clients-3.4.1.jar with timestamp 1779474998932
26/05/22 18:36:41 INFO Utils: /root/.ivy2/jars/org.apache.kafka_kafka-clients-3.4.1.jar has been previously copied to /tmp/spark-bb6d281d-53de-4274-9038-3d13dc3c3f90/userFiles-2fdcc01b-84ec-48da-ae58-6b5d0f68b53f/org.apache.kafka_kafka-clients-3.4.1.jar
26/05/22 18:36:41 INFO Executor: Fetching spark://53f73c7f90d8:44125/jars/org.apache.spark_spark-token-provider-kafka-0-10_2.12-3.5.0.jar with timestamp 1779474998932
26/05/22 18:36:41 INFO TransportClientFactory: Successfully created connection to 53f73c7f90d8/172.20.0.6:44125 after 34 ms (0 ms spent in bootstraps)
26/05/22 18:36:41 INFO Utils: Fetching spark://53f73c7f90d8:44125/jars/org.apache.spark_spark-token-provider-kafka-0-10_2.12-3.5.0.jar to /tmp/spark-bb6d281d-53de-4274-9038-3d13dc3c3f90/userFiles-2fdcc01b-84ec-48da-ae58-6b5d0f68b53f/fetchFileTemp1590581228454848639.tmp
26/05/22 18:36:41 INFO Utils: /tmp/spark-bb6d281d-53de-4274-9038-3d13dc3c3f90/userFiles-2fdcc01b-84ec-48da-ae58-6b5d0f68b53f/fetchFileTemp1590581228454848639.tmp has been previously copied to /tmp/spark-bb6d281d-53de-4274-9038-3d13dc3c3f90/userFiles-2fdcc01b-84ec-48da-ae58-6b5d0f68b53f/org.apache.spark_spark-token-provider-kafka-0-10_2.12-3.5.0.jar
26/05/22 18:36:41 INFO Executor: Adding file:/tmp/spark-bb6d281d-53de-4274-9038-3d13dc3c3f90/userFiles-2fdcc01b-84ec-48da-ae58-6b5d0f68b53f/org.apache.spark_spark-token-provider-kafka-0-10_2.12-3.5.0.jar to class loader default
26/05/22 18:36:41 INFO Executor: Fetching spark://53f73c7f90d8:44125/jars/org.apache.hadoop_hadoop-client-api-3.3.4.jar with timestamp 1779474998932
26/05/22 18:36:41 INFO Utils: Fetching spark://53f73c7f90d8:44125/jars/org.apache.hadoop_hadoop-client-api-3.3.4.jar to /tmp/spark-bb6d281d-53de-4274-9038-3d13dc3c3f90/userFiles-2fdcc01b-84ec-48da-ae58-6b5d0f68b53f/fetchFileTemp14415069069732027354.tmp
26/05/22 18:36:41 INFO Utils: /tmp/spark-bb6d281d-53de-4274-9038-3d13dc3c3f90/userFiles-2fdcc01b-84ec-48da-ae58-6b5d0f68b53f/fetchFileTemp14415069069732027354.tmp has been previously copied to /tmp/spark-bb6d281d-53de-4274-9038-3d13dc3c3f90/userFiles-2fdcc01b-84ec-48da-ae58-6b5d0f68b53f/org.apache.hadoop_hadoop-client-api-3.3.4.jar
26/05/22 18:36:41 INFO Executor: Adding file:/tmp/spark-bb6d281d-53de-4274-9038-3d13dc3c3f90/userFiles-2fdcc01b-84ec-48da-ae58-6b5d0f68b53f/org.apache.hadoop_hadoop-client-api-3.3.4.jar to class loader default
26/05/22 18:36:41 INFO Executor: Fetching spark://53f73c7f90d8:44125/jars/com.google.code.findbugs_jsr305-3.0.0.jar with timestamp 1779474998932
26/05/22 18:36:41 INFO Utils: Fetching spark://53f73c7f90d8:44125/jars/com.google.code.findbugs_jsr305-3.0.0.jar to /tmp/spark-bb6d281d-53de-4274-9038-3d13dc3c3f90/userFiles-2fdcc01b-84ec-48da-ae58-6b5d0f68b53f/fetchFileTemp4436407765806970643.tmp
26/05/22 18:36:41 INFO Utils: /tmp/spark-bb6d281d-53de-4274-9038-3d13dc3c3f90/userFiles-2fdcc01b-84ec-48da-ae58-6b5d0f68b53f/fetchFileTemp4436407765806970643.tmp has been previously copied to /tmp/spark-bb6d281d-53de-4274-9038-3d13dc3c3f90/userFiles-2fdcc01b-84ec-48da-ae58-6b5d0f68b53f/com.google.code.findbugs_jsr305-3.0.0.jar
26/05/22 18:36:41 INFO Executor: Adding file:/tmp/spark-bb6d281d-53de-4274-9038-3d13dc3c3f90/userFiles-2fdcc01b-84ec-48da-ae58-6b5d0f68b53f/com.google.code.findbugs_jsr305-3.0.0.jar to class loader default
26/05/22 18:36:41 INFO Executor: Fetching spark://53f73c7f90d8:44125/jars/org.lz4_lz4-java-1.8.0.jar with timestamp 1779474998932
26/05/22 18:36:41 INFO Utils: Fetching spark://53f73c7f90d8:44125/jars/org.lz4_lz4-java-1.8.0.jar to /tmp/spark-bb6d281d-53de-4274-9038-3d13dc3c3f90/userFiles-2fdcc01b-84ec-48da-ae58-6b5d0f68b53f/fetchFileTemp8329098671830075454.tmp
26/05/22 18:36:41 INFO Utils: /tmp/spark-bb6d281d-53de-4274-9038-3d13dc3c3f90/userFiles-2fdcc01b-84ec-48da-ae58-6b5d0f68b53f/fetchFileTemp8329098671830075454.tmp has been previously copied to /tmp/spark-bb6d281d-53de-4274-9038-3d13dc3c3f90/userFiles-2fdcc01b-84ec-48da-ae58-6b5d0f68b53f/org.lz4_lz4-java-1.8.0.jar
26/05/22 18:36:41 INFO Executor: Adding file:/tmp/spark-bb6d281d-53de-4274-9038-3d13dc3c3f90/userFiles-2fdcc01b-84ec-48da-ae58-6b5d0f68b53f/org.lz4_lz4-java-1.8.0.jar to class loader default
26/05/22 18:36:41 INFO Executor: Fetching spark://53f73c7f90d8:44125/jars/org.slf4j_slf4j-api-2.0.7.jar with timestamp 1779474998932
26/05/22 18:36:41 INFO Utils: Fetching spark://53f73c7f90d8:44125/jars/org.slf4j_slf4j-api-2.0.7.jar to /tmp/spark-bb6d281d-53de-4274-9038-3d13dc3c3f90/userFiles-2fdcc01b-84ec-48da-ae58-6b5d0f68b53f/fetchFileTemp17567427952762478766.tmp
26/05/22 18:36:41 INFO Utils: /tmp/spark-bb6d281d-53de-4274-9038-3d13dc3c3f90/userFiles-2fdcc01b-84ec-48da-ae58-6b5d0f68b53f/fetchFileTemp17567427952762478766.tmp has been previously copied to /tmp/spark-bb6d281d-53de-4274-9038-3d13dc3c3f90/userFiles-2fdcc01b-84ec-48da-ae58-6b5d0f68b53f/org.slf4j_slf4j-api-2.0.7.jar
26/05/22 18:36:41 INFO Executor: Adding file:/tmp/spark-bb6d281d-53de-4274-9038-3d13dc3c3f90/userFiles-2fdcc01b-84ec-48da-ae58-6b5d0f68b53f/org.slf4j_slf4j-api-2.0.7.jar to class loader default
26/05/22 18:36:41 INFO Executor: Fetching spark://53f73c7f90d8:44125/jars/org.apache.commons_commons-pool2-2.11.1.jar with timestamp 1779474998932
26/05/22 18:36:41 INFO Utils: Fetching spark://53f73c7f90d8:44125/jars/org.apache.commons_commons-pool2-2.11.1.jar to /tmp/spark-bb6d281d-53de-4274-9038-3d13dc3c3f90/userFiles-2fdcc01b-84ec-48da-ae58-6b5d0f68b53f/fetchFileTemp18167367609060801471.tmp
26/05/22 18:36:41 INFO Utils: /tmp/spark-bb6d281d-53de-4274-9038-3d13dc3c3f90/userFiles-2fdcc01b-84ec-48da-ae58-6b5d0f68b53f/fetchFileTemp18167367609060801471.tmp has been previously copied to /tmp/spark-bb6d281d-53de-4274-9038-3d13dc3c3f90/userFiles-2fdcc01b-84ec-48da-ae58-6b5d0f68b53f/org.apache.commons_commons-pool2-2.11.1.jar
26/05/22 18:36:41 INFO Executor: Adding file:/tmp/spark-bb6d281d-53de-4274-9038-3d13dc3c3f90/userFiles-2fdcc01b-84ec-48da-ae58-6b5d0f68b53f/org.apache.commons_commons-pool2-2.11.1.jar to class loader default
26/05/22 18:36:41 INFO Executor: Fetching spark://53f73c7f90d8:44125/jars/org.apache.hadoop_hadoop-client-runtime-3.3.4.jar with timestamp 1779474998932
26/05/22 18:36:41 INFO Utils: Fetching spark://53f73c7f90d8:44125/jars/org.apache.hadoop_hadoop-client-runtime-3.3.4.jar to /tmp/spark-bb6d281d-53de-4274-9038-3d13dc3c3f90/userFiles-2fdcc01b-84ec-48da-ae58-6b5d0f68b53f/fetchFileTemp828150988307769795.tmp
26/05/22 18:36:41 INFO Utils: /tmp/spark-bb6d281d-53de-4274-9038-3d13dc3c3f90/userFiles-2fdcc01b-84ec-48da-ae58-6b5d0f68b53f/fetchFileTemp828150988307769795.tmp has been previously copied to /tmp/spark-bb6d281d-53de-4274-9038-3d13dc3c3f90/userFiles-2fdcc01b-84ec-48da-ae58-6b5d0f68b53f/org.apache.hadoop_hadoop-client-runtime-3.3.4.jar
26/05/22 18:36:41 INFO Executor: Adding file:/tmp/spark-bb6d281d-53de-4274-9038-3d13dc3c3f90/userFiles-2fdcc01b-84ec-48da-ae58-6b5d0f68b53f/org.apache.hadoop_hadoop-client-runtime-3.3.4.jar to class loader default
26/05/22 18:36:41 INFO Executor: Fetching spark://53f73c7f90d8:44125/jars/org.apache.kafka_kafka-clients-3.4.1.jar with timestamp 1779474998932
26/05/22 18:36:41 INFO Utils: Fetching spark://53f73c7f90d8:44125/jars/org.apache.kafka_kafka-clients-3.4.1.jar to /tmp/spark-bb6d281d-53de-4274-9038-3d13dc3c3f90/userFiles-2fdcc01b-84ec-48da-ae58-6b5d0f68b53f/fetchFileTemp7644243444931555772.tmp
26/05/22 18:36:41 INFO Utils: /tmp/spark-bb6d281d-53de-4274-9038-3d13dc3c3f90/userFiles-2fdcc01b-84ec-48da-ae58-6b5d0f68b53f/fetchFileTemp7644243444931555772.tmp has been previously copied to /tmp/spark-bb6d281d-53de-4274-9038-3d13dc3c3f90/userFiles-2fdcc01b-84ec-48da-ae58-6b5d0f68b53f/org.apache.kafka_kafka-clients-3.4.1.jar
26/05/22 18:36:41 INFO Executor: Adding file:/tmp/spark-bb6d281d-53de-4274-9038-3d13dc3c3f90/userFiles-2fdcc01b-84ec-48da-ae58-6b5d0f68b53f/org.apache.kafka_kafka-clients-3.4.1.jar to class loader default
26/05/22 18:36:41 INFO Executor: Fetching spark://53f73c7f90d8:44125/jars/org.apache.spark_spark-sql-kafka-0-10_2.12-3.5.0.jar with timestamp 1779474998932
26/05/22 18:36:41 INFO Utils: Fetching spark://53f73c7f90d8:44125/jars/org.apache.spark_spark-sql-kafka-0-10_2.12-3.5.0.jar to /tmp/spark-bb6d281d-53de-4274-9038-3d13dc3c3f90/userFiles-2fdcc01b-84ec-48da-ae58-6b5d0f68b53f/fetchFileTemp16269608201149561364.tmp
26/05/22 18:36:41 INFO Utils: /tmp/spark-bb6d281d-53de-4274-9038-3d13dc3c3f90/userFiles-2fdcc01b-84ec-48da-ae58-6b5d0f68b53f/fetchFileTemp16269608201149561364.tmp has been previously copied to /tmp/spark-bb6d281d-53de-4274-9038-3d13dc3c3f90/userFiles-2fdcc01b-84ec-48da-ae58-6b5d0f68b53f/org.apache.spark_spark-sql-kafka-0-10_2.12-3.5.0.jar
26/05/22 18:36:41 INFO Executor: Adding file:/tmp/spark-bb6d281d-53de-4274-9038-3d13dc3c3f90/userFiles-2fdcc01b-84ec-48da-ae58-6b5d0f68b53f/org.apache.spark_spark-sql-kafka-0-10_2.12-3.5.0.jar to class loader default
26/05/22 18:36:41 INFO Executor: Fetching spark://53f73c7f90d8:44125/jars/org.xerial.snappy_snappy-java-1.1.10.3.jar with timestamp 1779474998932
26/05/22 18:36:41 INFO Utils: Fetching spark://53f73c7f90d8:44125/jars/org.xerial.snappy_snappy-java-1.1.10.3.jar to /tmp/spark-bb6d281d-53de-4274-9038-3d13dc3c3f90/userFiles-2fdcc01b-84ec-48da-ae58-6b5d0f68b53f/fetchFileTemp4695567937952173567.tmp
26/05/22 18:36:41 INFO Utils: /tmp/spark-bb6d281d-53de-4274-9038-3d13dc3c3f90/userFiles-2fdcc01b-84ec-48da-ae58-6b5d0f68b53f/fetchFileTemp4695567937952173567.tmp has been previously copied to /tmp/spark-bb6d281d-53de-4274-9038-3d13dc3c3f90/userFiles-2fdcc01b-84ec-48da-ae58-6b5d0f68b53f/org.xerial.snappy_snappy-java-1.1.10.3.jar
26/05/22 18:36:41 INFO Executor: Adding file:/tmp/spark-bb6d281d-53de-4274-9038-3d13dc3c3f90/userFiles-2fdcc01b-84ec-48da-ae58-6b5d0f68b53f/org.xerial.snappy_snappy-java-1.1.10.3.jar to class loader default
26/05/22 18:36:41 INFO Executor: Fetching spark://53f73c7f90d8:44125/jars/commons-logging_commons-logging-1.1.3.jar with timestamp 1779474998932
26/05/22 18:36:41 INFO Utils: Fetching spark://53f73c7f90d8:44125/jars/commons-logging_commons-logging-1.1.3.jar to /tmp/spark-bb6d281d-53de-4274-9038-3d13dc3c3f90/userFiles-2fdcc01b-84ec-48da-ae58-6b5d0f68b53f/fetchFileTemp6264675397503195080.tmp
26/05/22 18:36:41 INFO Utils: /tmp/spark-bb6d281d-53de-4274-9038-3d13dc3c3f90/userFiles-2fdcc01b-84ec-48da-ae58-6b5d0f68b53f/fetchFileTemp6264675397503195080.tmp has been previously copied to /tmp/spark-bb6d281d-53de-4274-9038-3d13dc3c3f90/userFiles-2fdcc01b-84ec-48da-ae58-6b5d0f68b53f/commons-logging_commons-logging-1.1.3.jar
26/05/22 18:36:41 INFO Executor: Adding file:/tmp/spark-bb6d281d-53de-4274-9038-3d13dc3c3f90/userFiles-2fdcc01b-84ec-48da-ae58-6b5d0f68b53f/commons-logging_commons-logging-1.1.3.jar to class loader default
26/05/22 18:36:41 INFO Utils: Successfully started service 'org.apache.spark.network.netty.NettyBlockTransferService' on port 38319.
26/05/22 18:36:41 INFO NettyBlockTransferService: Server created on 53f73c7f90d8:38319
26/05/22 18:36:41 INFO BlockManager: Using org.apache.spark.storage.RandomBlockReplicationPolicy for block replication policy
26/05/22 18:36:41 INFO BlockManagerMaster: Registering BlockManager BlockManagerId(driver, 53f73c7f90d8, 38319, None)
26/05/22 18:36:41 INFO BlockManagerMasterEndpoint: Registering block manager 53f73c7f90d8:38319 with 434.4 MiB RAM, BlockManagerId(driver, 53f73c7f90d8, 38319, None)
26/05/22 18:36:41 INFO BlockManagerMaster: Registered BlockManager BlockManagerId(driver, 53f73c7f90d8, 38319, None)
26/05/22 18:36:41 INFO BlockManager: Initialized BlockManager: BlockManagerId(driver, 53f73c7f90d8, 38319, None)
26/05/22 18:36:46 WARN ResolveWriteToStream: Temporary checkpoint location created which is deleted normally when the query didn't fail: /tmp/temporary-542ed95a-f51a-47f6-8a84-3b95613d7cab. If it's required to delete it under any circumstances, please set spark.sql.streaming.forceDeleteTempCheckpointLocation to true. Important to know deleting temp checkpoint folder is best effort.
26/05/22 18:36:46 WARN ResolveWriteToStream: spark.sql.adaptive.enabled is not supported in streaming DataFrames/Datasets and will be disabled.
26/05/22 18:36:47 WARN AdminClientConfig: These configurations '[key.deserializer, value.deserializer, enable.auto.commit, max.poll.records, auto.offset.reset]' were supplied but are not used yet.
-------------------------------------------
Batch: 0
-------------------------------------------
+-------------------------+-----+
|customer                 |score|
+-------------------------+-----+
|Jacob.Olson@test.com     |26.0 |
|Jane.Spencer@test.com    |-6.0 |
|Neeraj.Fibonnaci@test.com|-2.5 |
|Ashley.Jones@test.com    |-2.5 |
|Ben.Khatib@test.com      |-0.5 |
|Jerry.Lincoln@test.com   |-2.0 |
|Danny.Olson@test.com     |-5.0 |
|Jane.Jones@test.com      |-1.5 |
|Trevor.Harris@test.com   |-1.5 |
|Neeraj.Staples@test.com  |-4.5 |
|John.Lincoln@test.com    |-3.5 |
|Gail.Phillips@test.com   |-5.5 |
|Dan.Staples@test.com     |-24.5|
|Jerry.Clayton@test.com   |-25.0|
|Neeraj.Gonzalez@test.com |-7.0 |
|Dan.Fibonnaci@test.com   |21.5 |
|Chris.Clayton@test.com   |-4.5 |
|Bobby.Phillips@test.com  |27.5 |
|Jacob.Sanchez@test.com   |-11.5|
|Bobby.Jefferson@test.com |5.5  |
+-------------------------+-----+
only showing top 20 rows

