:: loading settings :: url = jar:file:/opt/spark/jars/ivy-2.5.1.jar!/org/apache/ivy/core/settings/ivysettings.xml
Ivy Default Cache set to: /root/.ivy2/cache
The jars for the packages stored in: /root/.ivy2/jars
org.apache.spark#spark-sql-kafka-0-10_2.12 added as a dependency
:: resolving dependencies :: org.apache.spark#spark-submit-parent-25bb3ad7-155c-4727-9860-f5ad7d4b0c82;1.0
	confs: [default]
	found org.apache.spark#spark-sql-kafka-0-10_2.12;3.5.0 in central
	found org.apache.spark#spark-token-provider-kafka-0-10_2.12;3.5.0 in central
	found org.apache.kafka#kafka-clients;3.4.1 in central
	found org.lz4#lz4-java;1.8.0 in central
	found org.xerial.snappy#snappy-java;1.1.10.3 in central
	found org.slf4j#slf4j-api;2.0.7 in central
	found org.apache.hadoop#hadoop-client-runtime;3.3.4 in central
	found org.apache.hadoop#hadoop-client-api;3.3.4 in central
	found commons-logging#commons-logging;1.1.3 in central
	found com.google.code.findbugs#jsr305;3.0.0 in central
	found org.apache.commons#commons-pool2;2.11.1 in central
:: resolution report :: resolve 474ms :: artifacts dl 15ms
	:: modules in use:
	com.google.code.findbugs#jsr305;3.0.0 from central in [default]
	commons-logging#commons-logging;1.1.3 from central in [default]
	org.apache.commons#commons-pool2;2.11.1 from central in [default]
	org.apache.hadoop#hadoop-client-api;3.3.4 from central in [default]
	org.apache.hadoop#hadoop-client-runtime;3.3.4 from central in [default]
	org.apache.kafka#kafka-clients;3.4.1 from central in [default]
	org.apache.spark#spark-sql-kafka-0-10_2.12;3.5.0 from central in [default]
	org.apache.spark#spark-token-provider-kafka-0-10_2.12;3.5.0 from central in [default]
	org.lz4#lz4-java;1.8.0 from central in [default]
	org.slf4j#slf4j-api;2.0.7 from central in [default]
	org.xerial.snappy#snappy-java;1.1.10.3 from central in [default]
	---------------------------------------------------------------------
	|                  |            modules            ||   artifacts   |
	|       conf       | number| search|dwnlded|evicted|| number|dwnlded|
	---------------------------------------------------------------------
	|      default     |   11  |   0   |   0   |   0   ||   11  |   0   |
	---------------------------------------------------------------------
:: retrieving :: org.apache.spark#spark-submit-parent-25bb3ad7-155c-4727-9860-f5ad7d4b0c82
	confs: [default]
	0 artifacts copied, 11 already retrieved (0kB/9ms)
26/05/22 18:37:42 WARN NativeCodeLoader: Unable to load native-hadoop library for your platform... using builtin-java classes where applicable
26/05/22 18:37:43 INFO SparkContext: Running Spark version 3.5.0
26/05/22 18:37:43 INFO SparkContext: OS info Linux, 6.8.0-1044-azure, amd64
26/05/22 18:37:43 INFO SparkContext: Java version 11.0.20.1
26/05/22 18:37:43 INFO ResourceUtils: ==============================================================
26/05/22 18:37:43 INFO ResourceUtils: No custom resources configured for spark.driver.
26/05/22 18:37:43 INFO ResourceUtils: ==============================================================
26/05/22 18:37:43 INFO SparkContext: Submitted application: STEDI-customer-risk-join
26/05/22 18:37:43 INFO ResourceProfile: Default ResourceProfile created, executor resources: Map(cores -> name: cores, amount: 1, script: , vendor: , memory -> name: memory, amount: 1024, script: , vendor: , offHeap -> name: offHeap, amount: 0, script: , vendor: ), task resources: Map(cpus -> name: cpus, amount: 1.0)
26/05/22 18:37:43 INFO ResourceProfile: Limiting resource is cpu
26/05/22 18:37:43 INFO ResourceProfileManager: Added ResourceProfile id: 0
26/05/22 18:37:43 INFO SecurityManager: Changing view acls to: root
26/05/22 18:37:43 INFO SecurityManager: Changing modify acls to: root
26/05/22 18:37:43 INFO SecurityManager: Changing view acls groups to: 
26/05/22 18:37:43 INFO SecurityManager: Changing modify acls groups to: 
26/05/22 18:37:43 INFO SecurityManager: SecurityManager: authentication disabled; ui acls disabled; users with view permissions: root; groups with view permissions: EMPTY; users with modify permissions: root; groups with modify permissions: EMPTY
26/05/22 18:37:44 INFO Utils: Successfully started service 'sparkDriver' on port 41963.
26/05/22 18:37:44 INFO SparkEnv: Registering MapOutputTracker
26/05/22 18:37:44 INFO SparkEnv: Registering BlockManagerMaster
26/05/22 18:37:44 INFO BlockManagerMasterEndpoint: Using org.apache.spark.storage.DefaultTopologyMapper for getting topology information
26/05/22 18:37:44 INFO BlockManagerMasterEndpoint: BlockManagerMasterEndpoint up
26/05/22 18:37:44 INFO SparkEnv: Registering BlockManagerMasterHeartbeat
26/05/22 18:37:44 INFO DiskBlockManager: Created local directory at /tmp/blockmgr-5b99b577-b8d4-4acd-93f3-4133bc1b5ed1
26/05/22 18:37:44 INFO MemoryStore: MemoryStore started with capacity 434.4 MiB
26/05/22 18:37:44 INFO SparkEnv: Registering OutputCommitCoordinator
26/05/22 18:37:45 INFO JettyUtils: Start Jetty 0.0.0.0:4040 for SparkUI
26/05/22 18:37:45 WARN Utils: Service 'SparkUI' could not bind on port 4040. Attempting port 4041.
26/05/22 18:37:45 WARN Utils: Service 'SparkUI' could not bind on port 4041. Attempting port 4042.
26/05/22 18:37:45 INFO Utils: Successfully started service 'SparkUI' on port 4042.
26/05/22 18:37:45 INFO SparkContext: Added JAR file:///root/.ivy2/jars/org.apache.spark_spark-sql-kafka-0-10_2.12-3.5.0.jar at spark://53f73c7f90d8:41963/jars/org.apache.spark_spark-sql-kafka-0-10_2.12-3.5.0.jar with timestamp 1779475063572
26/05/22 18:37:45 INFO SparkContext: Added JAR file:///root/.ivy2/jars/org.apache.spark_spark-token-provider-kafka-0-10_2.12-3.5.0.jar at spark://53f73c7f90d8:41963/jars/org.apache.spark_spark-token-provider-kafka-0-10_2.12-3.5.0.jar with timestamp 1779475063572
26/05/22 18:37:45 INFO SparkContext: Added JAR file:///root/.ivy2/jars/org.apache.kafka_kafka-clients-3.4.1.jar at spark://53f73c7f90d8:41963/jars/org.apache.kafka_kafka-clients-3.4.1.jar with timestamp 1779475063572
26/05/22 18:37:45 INFO SparkContext: Added JAR file:///root/.ivy2/jars/com.google.code.findbugs_jsr305-3.0.0.jar at spark://53f73c7f90d8:41963/jars/com.google.code.findbugs_jsr305-3.0.0.jar with timestamp 1779475063572
26/05/22 18:37:45 INFO SparkContext: Added JAR file:///root/.ivy2/jars/org.apache.commons_commons-pool2-2.11.1.jar at spark://53f73c7f90d8:41963/jars/org.apache.commons_commons-pool2-2.11.1.jar with timestamp 1779475063572
26/05/22 18:37:45 INFO SparkContext: Added JAR file:///root/.ivy2/jars/org.apache.hadoop_hadoop-client-runtime-3.3.4.jar at spark://53f73c7f90d8:41963/jars/org.apache.hadoop_hadoop-client-runtime-3.3.4.jar with timestamp 1779475063572
26/05/22 18:37:45 INFO SparkContext: Added JAR file:///root/.ivy2/jars/org.lz4_lz4-java-1.8.0.jar at spark://53f73c7f90d8:41963/jars/org.lz4_lz4-java-1.8.0.jar with timestamp 1779475063572
26/05/22 18:37:45 INFO SparkContext: Added JAR file:///root/.ivy2/jars/org.xerial.snappy_snappy-java-1.1.10.3.jar at spark://53f73c7f90d8:41963/jars/org.xerial.snappy_snappy-java-1.1.10.3.jar with timestamp 1779475063572
26/05/22 18:37:45 INFO SparkContext: Added JAR file:///root/.ivy2/jars/org.slf4j_slf4j-api-2.0.7.jar at spark://53f73c7f90d8:41963/jars/org.slf4j_slf4j-api-2.0.7.jar with timestamp 1779475063572
26/05/22 18:37:45 INFO SparkContext: Added JAR file:///root/.ivy2/jars/org.apache.hadoop_hadoop-client-api-3.3.4.jar at spark://53f73c7f90d8:41963/jars/org.apache.hadoop_hadoop-client-api-3.3.4.jar with timestamp 1779475063572
26/05/22 18:37:45 INFO SparkContext: Added JAR file:///root/.ivy2/jars/commons-logging_commons-logging-1.1.3.jar at spark://53f73c7f90d8:41963/jars/commons-logging_commons-logging-1.1.3.jar with timestamp 1779475063572
26/05/22 18:37:45 INFO SparkContext: Added file file:///root/.ivy2/jars/org.apache.spark_spark-sql-kafka-0-10_2.12-3.5.0.jar at file:///root/.ivy2/jars/org.apache.spark_spark-sql-kafka-0-10_2.12-3.5.0.jar with timestamp 1779475063572
26/05/22 18:37:45 INFO Utils: Copying /root/.ivy2/jars/org.apache.spark_spark-sql-kafka-0-10_2.12-3.5.0.jar to /tmp/spark-a828f75a-7d44-4840-9010-72b23625ada2/userFiles-dcebf0dc-12db-4ebc-b582-f1d7ae29eb07/org.apache.spark_spark-sql-kafka-0-10_2.12-3.5.0.jar
26/05/22 18:37:45 INFO SparkContext: Added file file:///root/.ivy2/jars/org.apache.spark_spark-token-provider-kafka-0-10_2.12-3.5.0.jar at file:///root/.ivy2/jars/org.apache.spark_spark-token-provider-kafka-0-10_2.12-3.5.0.jar with timestamp 1779475063572
26/05/22 18:37:45 INFO Utils: Copying /root/.ivy2/jars/org.apache.spark_spark-token-provider-kafka-0-10_2.12-3.5.0.jar to /tmp/spark-a828f75a-7d44-4840-9010-72b23625ada2/userFiles-dcebf0dc-12db-4ebc-b582-f1d7ae29eb07/org.apache.spark_spark-token-provider-kafka-0-10_2.12-3.5.0.jar
26/05/22 18:37:45 INFO SparkContext: Added file file:///root/.ivy2/jars/org.apache.kafka_kafka-clients-3.4.1.jar at file:///root/.ivy2/jars/org.apache.kafka_kafka-clients-3.4.1.jar with timestamp 1779475063572
26/05/22 18:37:45 INFO Utils: Copying /root/.ivy2/jars/org.apache.kafka_kafka-clients-3.4.1.jar to /tmp/spark-a828f75a-7d44-4840-9010-72b23625ada2/userFiles-dcebf0dc-12db-4ebc-b582-f1d7ae29eb07/org.apache.kafka_kafka-clients-3.4.1.jar
26/05/22 18:37:45 INFO SparkContext: Added file file:///root/.ivy2/jars/com.google.code.findbugs_jsr305-3.0.0.jar at file:///root/.ivy2/jars/com.google.code.findbugs_jsr305-3.0.0.jar with timestamp 1779475063572
26/05/22 18:37:45 INFO Utils: Copying /root/.ivy2/jars/com.google.code.findbugs_jsr305-3.0.0.jar to /tmp/spark-a828f75a-7d44-4840-9010-72b23625ada2/userFiles-dcebf0dc-12db-4ebc-b582-f1d7ae29eb07/com.google.code.findbugs_jsr305-3.0.0.jar
26/05/22 18:37:45 INFO SparkContext: Added file file:///root/.ivy2/jars/org.apache.commons_commons-pool2-2.11.1.jar at file:///root/.ivy2/jars/org.apache.commons_commons-pool2-2.11.1.jar with timestamp 1779475063572
26/05/22 18:37:45 INFO Utils: Copying /root/.ivy2/jars/org.apache.commons_commons-pool2-2.11.1.jar to /tmp/spark-a828f75a-7d44-4840-9010-72b23625ada2/userFiles-dcebf0dc-12db-4ebc-b582-f1d7ae29eb07/org.apache.commons_commons-pool2-2.11.1.jar
26/05/22 18:37:45 INFO SparkContext: Added file file:///root/.ivy2/jars/org.apache.hadoop_hadoop-client-runtime-3.3.4.jar at file:///root/.ivy2/jars/org.apache.hadoop_hadoop-client-runtime-3.3.4.jar with timestamp 1779475063572
26/05/22 18:37:45 INFO Utils: Copying /root/.ivy2/jars/org.apache.hadoop_hadoop-client-runtime-3.3.4.jar to /tmp/spark-a828f75a-7d44-4840-9010-72b23625ada2/userFiles-dcebf0dc-12db-4ebc-b582-f1d7ae29eb07/org.apache.hadoop_hadoop-client-runtime-3.3.4.jar
26/05/22 18:37:45 INFO SparkContext: Added file file:///root/.ivy2/jars/org.lz4_lz4-java-1.8.0.jar at file:///root/.ivy2/jars/org.lz4_lz4-java-1.8.0.jar with timestamp 1779475063572
26/05/22 18:37:45 INFO Utils: Copying /root/.ivy2/jars/org.lz4_lz4-java-1.8.0.jar to /tmp/spark-a828f75a-7d44-4840-9010-72b23625ada2/userFiles-dcebf0dc-12db-4ebc-b582-f1d7ae29eb07/org.lz4_lz4-java-1.8.0.jar
26/05/22 18:37:45 INFO SparkContext: Added file file:///root/.ivy2/jars/org.xerial.snappy_snappy-java-1.1.10.3.jar at file:///root/.ivy2/jars/org.xerial.snappy_snappy-java-1.1.10.3.jar with timestamp 1779475063572
26/05/22 18:37:45 INFO Utils: Copying /root/.ivy2/jars/org.xerial.snappy_snappy-java-1.1.10.3.jar to /tmp/spark-a828f75a-7d44-4840-9010-72b23625ada2/userFiles-dcebf0dc-12db-4ebc-b582-f1d7ae29eb07/org.xerial.snappy_snappy-java-1.1.10.3.jar
26/05/22 18:37:45 INFO SparkContext: Added file file:///root/.ivy2/jars/org.slf4j_slf4j-api-2.0.7.jar at file:///root/.ivy2/jars/org.slf4j_slf4j-api-2.0.7.jar with timestamp 1779475063572
26/05/22 18:37:45 INFO Utils: Copying /root/.ivy2/jars/org.slf4j_slf4j-api-2.0.7.jar to /tmp/spark-a828f75a-7d44-4840-9010-72b23625ada2/userFiles-dcebf0dc-12db-4ebc-b582-f1d7ae29eb07/org.slf4j_slf4j-api-2.0.7.jar
26/05/22 18:37:45 INFO SparkContext: Added file file:///root/.ivy2/jars/org.apache.hadoop_hadoop-client-api-3.3.4.jar at file:///root/.ivy2/jars/org.apache.hadoop_hadoop-client-api-3.3.4.jar with timestamp 1779475063572
26/05/22 18:37:45 INFO Utils: Copying /root/.ivy2/jars/org.apache.hadoop_hadoop-client-api-3.3.4.jar to /tmp/spark-a828f75a-7d44-4840-9010-72b23625ada2/userFiles-dcebf0dc-12db-4ebc-b582-f1d7ae29eb07/org.apache.hadoop_hadoop-client-api-3.3.4.jar
26/05/22 18:37:45 INFO SparkContext: Added file file:///root/.ivy2/jars/commons-logging_commons-logging-1.1.3.jar at file:///root/.ivy2/jars/commons-logging_commons-logging-1.1.3.jar with timestamp 1779475063572
26/05/22 18:37:45 INFO Utils: Copying /root/.ivy2/jars/commons-logging_commons-logging-1.1.3.jar to /tmp/spark-a828f75a-7d44-4840-9010-72b23625ada2/userFiles-dcebf0dc-12db-4ebc-b582-f1d7ae29eb07/commons-logging_commons-logging-1.1.3.jar
26/05/22 18:37:45 INFO Executor: Starting executor ID driver on host 53f73c7f90d8
26/05/22 18:37:45 INFO Executor: OS info Linux, 6.8.0-1044-azure, amd64
26/05/22 18:37:45 INFO Executor: Java version 11.0.20.1
26/05/22 18:37:45 INFO Executor: Starting executor with user classpath (userClassPathFirst = false): ''
26/05/22 18:37:45 INFO Executor: Created or updated repl class loader org.apache.spark.util.MutableURLClassLoader@1458945 for default.
26/05/22 18:37:45 INFO Executor: Fetching file:///root/.ivy2/jars/org.apache.spark_spark-sql-kafka-0-10_2.12-3.5.0.jar with timestamp 1779475063572
26/05/22 18:37:45 INFO Utils: /root/.ivy2/jars/org.apache.spark_spark-sql-kafka-0-10_2.12-3.5.0.jar has been previously copied to /tmp/spark-a828f75a-7d44-4840-9010-72b23625ada2/userFiles-dcebf0dc-12db-4ebc-b582-f1d7ae29eb07/org.apache.spark_spark-sql-kafka-0-10_2.12-3.5.0.jar
26/05/22 18:37:45 INFO Executor: Fetching file:///root/.ivy2/jars/org.apache.hadoop_hadoop-client-api-3.3.4.jar with timestamp 1779475063572
26/05/22 18:37:45 INFO Utils: /root/.ivy2/jars/org.apache.hadoop_hadoop-client-api-3.3.4.jar has been previously copied to /tmp/spark-a828f75a-7d44-4840-9010-72b23625ada2/userFiles-dcebf0dc-12db-4ebc-b582-f1d7ae29eb07/org.apache.hadoop_hadoop-client-api-3.3.4.jar
26/05/22 18:37:45 INFO Executor: Fetching file:///root/.ivy2/jars/com.google.code.findbugs_jsr305-3.0.0.jar with timestamp 1779475063572
26/05/22 18:37:45 INFO Utils: /root/.ivy2/jars/com.google.code.findbugs_jsr305-3.0.0.jar has been previously copied to /tmp/spark-a828f75a-7d44-4840-9010-72b23625ada2/userFiles-dcebf0dc-12db-4ebc-b582-f1d7ae29eb07/com.google.code.findbugs_jsr305-3.0.0.jar
26/05/22 18:37:45 INFO Executor: Fetching file:///root/.ivy2/jars/org.apache.hadoop_hadoop-client-runtime-3.3.4.jar with timestamp 1779475063572
26/05/22 18:37:45 INFO Utils: /root/.ivy2/jars/org.apache.hadoop_hadoop-client-runtime-3.3.4.jar has been previously copied to /tmp/spark-a828f75a-7d44-4840-9010-72b23625ada2/userFiles-dcebf0dc-12db-4ebc-b582-f1d7ae29eb07/org.apache.hadoop_hadoop-client-runtime-3.3.4.jar
26/05/22 18:37:45 INFO Executor: Fetching file:///root/.ivy2/jars/org.xerial.snappy_snappy-java-1.1.10.3.jar with timestamp 1779475063572
26/05/22 18:37:45 INFO Utils: /root/.ivy2/jars/org.xerial.snappy_snappy-java-1.1.10.3.jar has been previously copied to /tmp/spark-a828f75a-7d44-4840-9010-72b23625ada2/userFiles-dcebf0dc-12db-4ebc-b582-f1d7ae29eb07/org.xerial.snappy_snappy-java-1.1.10.3.jar
26/05/22 18:37:45 INFO Executor: Fetching file:///root/.ivy2/jars/org.apache.spark_spark-token-provider-kafka-0-10_2.12-3.5.0.jar with timestamp 1779475063572
26/05/22 18:37:45 INFO Utils: /root/.ivy2/jars/org.apache.spark_spark-token-provider-kafka-0-10_2.12-3.5.0.jar has been previously copied to /tmp/spark-a828f75a-7d44-4840-9010-72b23625ada2/userFiles-dcebf0dc-12db-4ebc-b582-f1d7ae29eb07/org.apache.spark_spark-token-provider-kafka-0-10_2.12-3.5.0.jar
26/05/22 18:37:45 INFO Executor: Fetching file:///root/.ivy2/jars/org.slf4j_slf4j-api-2.0.7.jar with timestamp 1779475063572
26/05/22 18:37:45 INFO Utils: /root/.ivy2/jars/org.slf4j_slf4j-api-2.0.7.jar has been previously copied to /tmp/spark-a828f75a-7d44-4840-9010-72b23625ada2/userFiles-dcebf0dc-12db-4ebc-b582-f1d7ae29eb07/org.slf4j_slf4j-api-2.0.7.jar
26/05/22 18:37:45 INFO Executor: Fetching file:///root/.ivy2/jars/org.apache.commons_commons-pool2-2.11.1.jar with timestamp 1779475063572
26/05/22 18:37:45 INFO Utils: /root/.ivy2/jars/org.apache.commons_commons-pool2-2.11.1.jar has been previously copied to /tmp/spark-a828f75a-7d44-4840-9010-72b23625ada2/userFiles-dcebf0dc-12db-4ebc-b582-f1d7ae29eb07/org.apache.commons_commons-pool2-2.11.1.jar
26/05/22 18:37:45 INFO Executor: Fetching file:///root/.ivy2/jars/commons-logging_commons-logging-1.1.3.jar with timestamp 1779475063572
26/05/22 18:37:45 INFO Utils: /root/.ivy2/jars/commons-logging_commons-logging-1.1.3.jar has been previously copied to /tmp/spark-a828f75a-7d44-4840-9010-72b23625ada2/userFiles-dcebf0dc-12db-4ebc-b582-f1d7ae29eb07/commons-logging_commons-logging-1.1.3.jar
26/05/22 18:37:45 INFO Executor: Fetching file:///root/.ivy2/jars/org.lz4_lz4-java-1.8.0.jar with timestamp 1779475063572
26/05/22 18:37:45 INFO Utils: /root/.ivy2/jars/org.lz4_lz4-java-1.8.0.jar has been previously copied to /tmp/spark-a828f75a-7d44-4840-9010-72b23625ada2/userFiles-dcebf0dc-12db-4ebc-b582-f1d7ae29eb07/org.lz4_lz4-java-1.8.0.jar
26/05/22 18:37:45 INFO Executor: Fetching file:///root/.ivy2/jars/org.apache.kafka_kafka-clients-3.4.1.jar with timestamp 1779475063572
26/05/22 18:37:45 INFO Utils: /root/.ivy2/jars/org.apache.kafka_kafka-clients-3.4.1.jar has been previously copied to /tmp/spark-a828f75a-7d44-4840-9010-72b23625ada2/userFiles-dcebf0dc-12db-4ebc-b582-f1d7ae29eb07/org.apache.kafka_kafka-clients-3.4.1.jar
26/05/22 18:37:45 INFO Executor: Fetching spark://53f73c7f90d8:41963/jars/org.apache.spark_spark-token-provider-kafka-0-10_2.12-3.5.0.jar with timestamp 1779475063572
26/05/22 18:37:45 INFO TransportClientFactory: Successfully created connection to 53f73c7f90d8/172.20.0.6:41963 after 29 ms (0 ms spent in bootstraps)
26/05/22 18:37:45 INFO Utils: Fetching spark://53f73c7f90d8:41963/jars/org.apache.spark_spark-token-provider-kafka-0-10_2.12-3.5.0.jar to /tmp/spark-a828f75a-7d44-4840-9010-72b23625ada2/userFiles-dcebf0dc-12db-4ebc-b582-f1d7ae29eb07/fetchFileTemp8357211880369887124.tmp
26/05/22 18:37:45 INFO Utils: /tmp/spark-a828f75a-7d44-4840-9010-72b23625ada2/userFiles-dcebf0dc-12db-4ebc-b582-f1d7ae29eb07/fetchFileTemp8357211880369887124.tmp has been previously copied to /tmp/spark-a828f75a-7d44-4840-9010-72b23625ada2/userFiles-dcebf0dc-12db-4ebc-b582-f1d7ae29eb07/org.apache.spark_spark-token-provider-kafka-0-10_2.12-3.5.0.jar
26/05/22 18:37:45 INFO Executor: Adding file:/tmp/spark-a828f75a-7d44-4840-9010-72b23625ada2/userFiles-dcebf0dc-12db-4ebc-b582-f1d7ae29eb07/org.apache.spark_spark-token-provider-kafka-0-10_2.12-3.5.0.jar to class loader default
26/05/22 18:37:45 INFO Executor: Fetching spark://53f73c7f90d8:41963/jars/org.apache.commons_commons-pool2-2.11.1.jar with timestamp 1779475063572
26/05/22 18:37:45 INFO Utils: Fetching spark://53f73c7f90d8:41963/jars/org.apache.commons_commons-pool2-2.11.1.jar to /tmp/spark-a828f75a-7d44-4840-9010-72b23625ada2/userFiles-dcebf0dc-12db-4ebc-b582-f1d7ae29eb07/fetchFileTemp15686991429835075336.tmp
26/05/22 18:37:45 INFO Utils: /tmp/spark-a828f75a-7d44-4840-9010-72b23625ada2/userFiles-dcebf0dc-12db-4ebc-b582-f1d7ae29eb07/fetchFileTemp15686991429835075336.tmp has been previously copied to /tmp/spark-a828f75a-7d44-4840-9010-72b23625ada2/userFiles-dcebf0dc-12db-4ebc-b582-f1d7ae29eb07/org.apache.commons_commons-pool2-2.11.1.jar
26/05/22 18:37:45 INFO Executor: Adding file:/tmp/spark-a828f75a-7d44-4840-9010-72b23625ada2/userFiles-dcebf0dc-12db-4ebc-b582-f1d7ae29eb07/org.apache.commons_commons-pool2-2.11.1.jar to class loader default
26/05/22 18:37:45 INFO Executor: Fetching spark://53f73c7f90d8:41963/jars/commons-logging_commons-logging-1.1.3.jar with timestamp 1779475063572
26/05/22 18:37:45 INFO Utils: Fetching spark://53f73c7f90d8:41963/jars/commons-logging_commons-logging-1.1.3.jar to /tmp/spark-a828f75a-7d44-4840-9010-72b23625ada2/userFiles-dcebf0dc-12db-4ebc-b582-f1d7ae29eb07/fetchFileTemp17406285508956579380.tmp
26/05/22 18:37:45 INFO Utils: /tmp/spark-a828f75a-7d44-4840-9010-72b23625ada2/userFiles-dcebf0dc-12db-4ebc-b582-f1d7ae29eb07/fetchFileTemp17406285508956579380.tmp has been previously copied to /tmp/spark-a828f75a-7d44-4840-9010-72b23625ada2/userFiles-dcebf0dc-12db-4ebc-b582-f1d7ae29eb07/commons-logging_commons-logging-1.1.3.jar
26/05/22 18:37:45 INFO Executor: Adding file:/tmp/spark-a828f75a-7d44-4840-9010-72b23625ada2/userFiles-dcebf0dc-12db-4ebc-b582-f1d7ae29eb07/commons-logging_commons-logging-1.1.3.jar to class loader default
26/05/22 18:37:45 INFO Executor: Fetching spark://53f73c7f90d8:41963/jars/com.google.code.findbugs_jsr305-3.0.0.jar with timestamp 1779475063572
26/05/22 18:37:45 INFO Utils: Fetching spark://53f73c7f90d8:41963/jars/com.google.code.findbugs_jsr305-3.0.0.jar to /tmp/spark-a828f75a-7d44-4840-9010-72b23625ada2/userFiles-dcebf0dc-12db-4ebc-b582-f1d7ae29eb07/fetchFileTemp10594127610554751633.tmp
26/05/22 18:37:45 INFO Utils: /tmp/spark-a828f75a-7d44-4840-9010-72b23625ada2/userFiles-dcebf0dc-12db-4ebc-b582-f1d7ae29eb07/fetchFileTemp10594127610554751633.tmp has been previously copied to /tmp/spark-a828f75a-7d44-4840-9010-72b23625ada2/userFiles-dcebf0dc-12db-4ebc-b582-f1d7ae29eb07/com.google.code.findbugs_jsr305-3.0.0.jar
26/05/22 18:37:45 INFO Executor: Adding file:/tmp/spark-a828f75a-7d44-4840-9010-72b23625ada2/userFiles-dcebf0dc-12db-4ebc-b582-f1d7ae29eb07/com.google.code.findbugs_jsr305-3.0.0.jar to class loader default
26/05/22 18:37:45 INFO Executor: Fetching spark://53f73c7f90d8:41963/jars/org.slf4j_slf4j-api-2.0.7.jar with timestamp 1779475063572
26/05/22 18:37:45 INFO Utils: Fetching spark://53f73c7f90d8:41963/jars/org.slf4j_slf4j-api-2.0.7.jar to /tmp/spark-a828f75a-7d44-4840-9010-72b23625ada2/userFiles-dcebf0dc-12db-4ebc-b582-f1d7ae29eb07/fetchFileTemp11367627887656460542.tmp
26/05/22 18:37:45 INFO Utils: /tmp/spark-a828f75a-7d44-4840-9010-72b23625ada2/userFiles-dcebf0dc-12db-4ebc-b582-f1d7ae29eb07/fetchFileTemp11367627887656460542.tmp has been previously copied to /tmp/spark-a828f75a-7d44-4840-9010-72b23625ada2/userFiles-dcebf0dc-12db-4ebc-b582-f1d7ae29eb07/org.slf4j_slf4j-api-2.0.7.jar
26/05/22 18:37:45 INFO Executor: Adding file:/tmp/spark-a828f75a-7d44-4840-9010-72b23625ada2/userFiles-dcebf0dc-12db-4ebc-b582-f1d7ae29eb07/org.slf4j_slf4j-api-2.0.7.jar to class loader default
26/05/22 18:37:45 INFO Executor: Fetching spark://53f73c7f90d8:41963/jars/org.xerial.snappy_snappy-java-1.1.10.3.jar with timestamp 1779475063572
26/05/22 18:37:45 INFO Utils: Fetching spark://53f73c7f90d8:41963/jars/org.xerial.snappy_snappy-java-1.1.10.3.jar to /tmp/spark-a828f75a-7d44-4840-9010-72b23625ada2/userFiles-dcebf0dc-12db-4ebc-b582-f1d7ae29eb07/fetchFileTemp16407140109741274071.tmp
26/05/22 18:37:45 INFO Utils: /tmp/spark-a828f75a-7d44-4840-9010-72b23625ada2/userFiles-dcebf0dc-12db-4ebc-b582-f1d7ae29eb07/fetchFileTemp16407140109741274071.tmp has been previously copied to /tmp/spark-a828f75a-7d44-4840-9010-72b23625ada2/userFiles-dcebf0dc-12db-4ebc-b582-f1d7ae29eb07/org.xerial.snappy_snappy-java-1.1.10.3.jar
26/05/22 18:37:45 INFO Executor: Adding file:/tmp/spark-a828f75a-7d44-4840-9010-72b23625ada2/userFiles-dcebf0dc-12db-4ebc-b582-f1d7ae29eb07/org.xerial.snappy_snappy-java-1.1.10.3.jar to class loader default
26/05/22 18:37:45 INFO Executor: Fetching spark://53f73c7f90d8:41963/jars/org.lz4_lz4-java-1.8.0.jar with timestamp 1779475063572
26/05/22 18:37:45 INFO Utils: Fetching spark://53f73c7f90d8:41963/jars/org.lz4_lz4-java-1.8.0.jar to /tmp/spark-a828f75a-7d44-4840-9010-72b23625ada2/userFiles-dcebf0dc-12db-4ebc-b582-f1d7ae29eb07/fetchFileTemp13993644391329198396.tmp
26/05/22 18:37:45 INFO Utils: /tmp/spark-a828f75a-7d44-4840-9010-72b23625ada2/userFiles-dcebf0dc-12db-4ebc-b582-f1d7ae29eb07/fetchFileTemp13993644391329198396.tmp has been previously copied to /tmp/spark-a828f75a-7d44-4840-9010-72b23625ada2/userFiles-dcebf0dc-12db-4ebc-b582-f1d7ae29eb07/org.lz4_lz4-java-1.8.0.jar
26/05/22 18:37:45 INFO Executor: Adding file:/tmp/spark-a828f75a-7d44-4840-9010-72b23625ada2/userFiles-dcebf0dc-12db-4ebc-b582-f1d7ae29eb07/org.lz4_lz4-java-1.8.0.jar to class loader default
26/05/22 18:37:45 INFO Executor: Fetching spark://53f73c7f90d8:41963/jars/org.apache.hadoop_hadoop-client-api-3.3.4.jar with timestamp 1779475063572
26/05/22 18:37:45 INFO Utils: Fetching spark://53f73c7f90d8:41963/jars/org.apache.hadoop_hadoop-client-api-3.3.4.jar to /tmp/spark-a828f75a-7d44-4840-9010-72b23625ada2/userFiles-dcebf0dc-12db-4ebc-b582-f1d7ae29eb07/fetchFileTemp770438576750977684.tmp
26/05/22 18:37:45 INFO Utils: /tmp/spark-a828f75a-7d44-4840-9010-72b23625ada2/userFiles-dcebf0dc-12db-4ebc-b582-f1d7ae29eb07/fetchFileTemp770438576750977684.tmp has been previously copied to /tmp/spark-a828f75a-7d44-4840-9010-72b23625ada2/userFiles-dcebf0dc-12db-4ebc-b582-f1d7ae29eb07/org.apache.hadoop_hadoop-client-api-3.3.4.jar
26/05/22 18:37:45 INFO Executor: Adding file:/tmp/spark-a828f75a-7d44-4840-9010-72b23625ada2/userFiles-dcebf0dc-12db-4ebc-b582-f1d7ae29eb07/org.apache.hadoop_hadoop-client-api-3.3.4.jar to class loader default
26/05/22 18:37:45 INFO Executor: Fetching spark://53f73c7f90d8:41963/jars/org.apache.hadoop_hadoop-client-runtime-3.3.4.jar with timestamp 1779475063572
26/05/22 18:37:45 INFO Utils: Fetching spark://53f73c7f90d8:41963/jars/org.apache.hadoop_hadoop-client-runtime-3.3.4.jar to /tmp/spark-a828f75a-7d44-4840-9010-72b23625ada2/userFiles-dcebf0dc-12db-4ebc-b582-f1d7ae29eb07/fetchFileTemp10077502985003225535.tmp
26/05/22 18:37:46 INFO Utils: /tmp/spark-a828f75a-7d44-4840-9010-72b23625ada2/userFiles-dcebf0dc-12db-4ebc-b582-f1d7ae29eb07/fetchFileTemp10077502985003225535.tmp has been previously copied to /tmp/spark-a828f75a-7d44-4840-9010-72b23625ada2/userFiles-dcebf0dc-12db-4ebc-b582-f1d7ae29eb07/org.apache.hadoop_hadoop-client-runtime-3.3.4.jar
26/05/22 18:37:46 INFO Executor: Adding file:/tmp/spark-a828f75a-7d44-4840-9010-72b23625ada2/userFiles-dcebf0dc-12db-4ebc-b582-f1d7ae29eb07/org.apache.hadoop_hadoop-client-runtime-3.3.4.jar to class loader default
26/05/22 18:37:46 INFO Executor: Fetching spark://53f73c7f90d8:41963/jars/org.apache.spark_spark-sql-kafka-0-10_2.12-3.5.0.jar with timestamp 1779475063572
26/05/22 18:37:46 INFO Utils: Fetching spark://53f73c7f90d8:41963/jars/org.apache.spark_spark-sql-kafka-0-10_2.12-3.5.0.jar to /tmp/spark-a828f75a-7d44-4840-9010-72b23625ada2/userFiles-dcebf0dc-12db-4ebc-b582-f1d7ae29eb07/fetchFileTemp14070738164965555286.tmp
26/05/22 18:37:46 INFO Utils: /tmp/spark-a828f75a-7d44-4840-9010-72b23625ada2/userFiles-dcebf0dc-12db-4ebc-b582-f1d7ae29eb07/fetchFileTemp14070738164965555286.tmp has been previously copied to /tmp/spark-a828f75a-7d44-4840-9010-72b23625ada2/userFiles-dcebf0dc-12db-4ebc-b582-f1d7ae29eb07/org.apache.spark_spark-sql-kafka-0-10_2.12-3.5.0.jar
26/05/22 18:37:46 INFO Executor: Adding file:/tmp/spark-a828f75a-7d44-4840-9010-72b23625ada2/userFiles-dcebf0dc-12db-4ebc-b582-f1d7ae29eb07/org.apache.spark_spark-sql-kafka-0-10_2.12-3.5.0.jar to class loader default
26/05/22 18:37:46 INFO Executor: Fetching spark://53f73c7f90d8:41963/jars/org.apache.kafka_kafka-clients-3.4.1.jar with timestamp 1779475063572
26/05/22 18:37:46 INFO Utils: Fetching spark://53f73c7f90d8:41963/jars/org.apache.kafka_kafka-clients-3.4.1.jar to /tmp/spark-a828f75a-7d44-4840-9010-72b23625ada2/userFiles-dcebf0dc-12db-4ebc-b582-f1d7ae29eb07/fetchFileTemp6306188527652246828.tmp
26/05/22 18:37:46 INFO Utils: /tmp/spark-a828f75a-7d44-4840-9010-72b23625ada2/userFiles-dcebf0dc-12db-4ebc-b582-f1d7ae29eb07/fetchFileTemp6306188527652246828.tmp has been previously copied to /tmp/spark-a828f75a-7d44-4840-9010-72b23625ada2/userFiles-dcebf0dc-12db-4ebc-b582-f1d7ae29eb07/org.apache.kafka_kafka-clients-3.4.1.jar
26/05/22 18:37:46 INFO Executor: Adding file:/tmp/spark-a828f75a-7d44-4840-9010-72b23625ada2/userFiles-dcebf0dc-12db-4ebc-b582-f1d7ae29eb07/org.apache.kafka_kafka-clients-3.4.1.jar to class loader default
26/05/22 18:37:46 INFO Utils: Successfully started service 'org.apache.spark.network.netty.NettyBlockTransferService' on port 38989.
26/05/22 18:37:46 INFO NettyBlockTransferService: Server created on 53f73c7f90d8:38989
26/05/22 18:37:46 INFO BlockManager: Using org.apache.spark.storage.RandomBlockReplicationPolicy for block replication policy
26/05/22 18:37:46 INFO BlockManagerMaster: Registering BlockManager BlockManagerId(driver, 53f73c7f90d8, 38989, None)
26/05/22 18:37:46 INFO BlockManagerMasterEndpoint: Registering block manager 53f73c7f90d8:38989 with 434.4 MiB RAM, BlockManagerId(driver, 53f73c7f90d8, 38989, None)
26/05/22 18:37:46 INFO BlockManagerMaster: Registered BlockManager BlockManagerId(driver, 53f73c7f90d8, 38989, None)
26/05/22 18:37:46 INFO BlockManager: Initialized BlockManager: BlockManagerId(driver, 53f73c7f90d8, 38989, None)
26/05/22 18:37:49 WARN ResolveWriteToStream: Temporary checkpoint location created which is deleted normally when the query didn't fail: /tmp/temporary-f6774c43-515f-4ab1-85a1-d8f834b78eba. If it's required to delete it under any circumstances, please set spark.sql.streaming.forceDeleteTempCheckpointLocation to true. Important to know deleting temp checkpoint folder is best effort.
26/05/22 18:37:49 WARN ResolveWriteToStream: spark.sql.adaptive.enabled is not supported in streaming DataFrames/Datasets and will be disabled.
26/05/22 18:37:50 WARN ResolveWriteToStream: spark.sql.adaptive.enabled is not supported in streaming DataFrames/Datasets and will be disabled.
26/05/22 18:37:52 WARN AdminClientConfig: These configurations '[key.deserializer, value.deserializer, enable.auto.commit, max.poll.records, auto.offset.reset]' were supplied but are not used yet.
26/05/22 18:37:52 WARN AdminClientConfig: These configurations '[key.deserializer, value.deserializer, enable.auto.commit, max.poll.records, auto.offset.reset]' were supplied but are not used yet.
26/05/22 18:37:52 WARN AdminClientConfig: These configurations '[key.deserializer, value.deserializer, enable.auto.commit, max.poll.records, auto.offset.reset]' were supplied but are not used yet.
26/05/22 18:37:52 WARN AdminClientConfig: These configurations '[key.deserializer, value.deserializer, enable.auto.commit, max.poll.records, auto.offset.reset]' were supplied but are not used yet.
-------------------------------------------
Batch: 0
-------------------------------------------
+------------------------+------------------------+-----+---------+
|email                   |customer                |Score|birthYear|
+------------------------+------------------------+-----+---------+
|Bobby.Jefferson@test.com|Bobby.Jefferson@test.com|5.5  |1942     |
|Bobby.Jefferson@test.com|Bobby.Jefferson@test.com|25.5 |1942     |
|Bobby.Jefferson@test.com|Bobby.Jefferson@test.com|30.0 |1942     |
|Bobby.Jefferson@test.com|Bobby.Jefferson@test.com|-0.5 |1942     |
|Bobby.Jefferson@test.com|Bobby.Jefferson@test.com|-26.5|1942     |
|Bobby.Jefferson@test.com|Bobby.Jefferson@test.com|-12.0|1942     |
|Bobby.Jefferson@test.com|Bobby.Jefferson@test.com|-4.5 |1942     |
|Bobby.Jefferson@test.com|Bobby.Jefferson@test.com|-1.0 |1942     |
|Bobby.Jefferson@test.com|Bobby.Jefferson@test.com|6.5  |1942     |
|Bobby.Jefferson@test.com|Bobby.Jefferson@test.com|1.5  |1942     |
|Bobby.Jefferson@test.com|Bobby.Jefferson@test.com|20.0 |1942     |
|Bobby.Jefferson@test.com|Bobby.Jefferson@test.com|11.5 |1942     |
|Bobby.Jefferson@test.com|Bobby.Jefferson@test.com|-21.5|1942     |
|Bobby.Jefferson@test.com|Bobby.Jefferson@test.com|-18.5|1942     |
|Bobby.Jefferson@test.com|Bobby.Jefferson@test.com|15.0 |1942     |
|Bobby.Jefferson@test.com|Bobby.Jefferson@test.com|25.0 |1942     |
|Bobby.Jefferson@test.com|Bobby.Jefferson@test.com|-1.0 |1942     |
|Bobby.Jefferson@test.com|Bobby.Jefferson@test.com|3.5  |1942     |
|Bobby.Jefferson@test.com|Bobby.Jefferson@test.com|-11.0|1942     |
|Bobby.Jefferson@test.com|Bobby.Jefferson@test.com|-22.0|1942     |
+------------------------+------------------------+-----+---------+
only showing top 20 rows

