Spark Command: /opt/java/openjdk/bin/java -cp /opt/spark/conf:/opt/spark/jars/* -Xmx1g org.apache.spark.deploy.master.Master --host a61e3ce9c3b8 --port 7077 --webui-port 8080
========================================
Using Spark's default log4j profile: org/apache/spark/log4j2-defaults.properties
26/05/27 19:22:47 INFO Master: Started daemon with process name: 22@a61e3ce9c3b8
26/05/27 19:22:47 INFO SignalUtils: Registering signal handler for TERM
26/05/27 19:22:47 INFO SignalUtils: Registering signal handler for HUP
26/05/27 19:22:47 INFO SignalUtils: Registering signal handler for INT
26/05/27 19:22:48 WARN NativeCodeLoader: Unable to load native-hadoop library for your platform... using builtin-java classes where applicable
26/05/27 19:22:48 INFO SecurityManager: Changing view acls to: root
26/05/27 19:22:48 INFO SecurityManager: Changing modify acls to: root
26/05/27 19:22:48 INFO SecurityManager: Changing view acls groups to: 
26/05/27 19:22:48 INFO SecurityManager: Changing modify acls groups to: 
26/05/27 19:22:48 INFO SecurityManager: SecurityManager: authentication disabled; ui acls disabled; users with view permissions: root; groups with view permissions: EMPTY; users with modify permissions: root; groups with modify permissions: EMPTY
26/05/27 19:22:48 INFO Utils: Successfully started service 'sparkMaster' on port 7077.
26/05/27 19:22:48 INFO Master: Starting Spark master at spark://a61e3ce9c3b8:7077
26/05/27 19:22:48 INFO Master: Running Spark version 3.5.0
26/05/27 19:22:48 INFO JettyUtils: Start Jetty 0.0.0.0:8080 for MasterUI
26/05/27 19:22:48 INFO Utils: Successfully started service 'MasterUI' on port 8080.
26/05/27 19:22:48 INFO MasterWebUI: Bound MasterWebUI to 0.0.0.0, and started at http://a61e3ce9c3b8:8080
26/05/27 19:22:48 INFO Master: I have been elected leader! New state: ALIVE
26/05/27 19:22:57 INFO Master: Registering worker 172.17.0.2:36037 with 8 cores, 30.3 GiB RAM
